<?xml version="1.0" encoding="UTF-8"?>
<coverage generated="1747823466548" clover="3.2.0">
  <project timestamp="1747823466548" name="All files">
    <metrics statements="18" coveredstatements="12" conditionals="2" coveredconditionals="2" methods="6" coveredmethods="2" elements="26" coveredelements="16" complexity="0" loc="18" ncloc="18" packages="1" files="1" classes="1"/>
    <file name="redisService.ts" path="C:\Users\User\OneDrive\Desktop\mindcure_back\src\services\redisService.ts">
      <metrics statements="18" coveredstatements="12" conditionals="2" coveredconditionals="2" methods="6" coveredmethods="2"/>
      <line num="1" count="1" type="stmt"/>
      <line num="3" count="1" type="cond" truecount="2" falsecount="0"/>
      <line num="5" count="1" type="stmt"/>
      <line num="6" count="1" type="stmt"/>
      <line num="7" count="1" type="stmt"/>
      <line num="8" count="1" type="stmt"/>
      <line num="11" count="1" type="stmt"/>
      <line num="12" count="0" type="stmt"/>
      <line num="13" count="0" type="stmt"/>
      <line num="14" count="0" type="stmt"/>
      <line num="17" count="1" type="stmt"/>
      <line num="18" count="1" type="stmt"/>
      <line num="19" count="1" type="stmt"/>
      <line num="20" count="1" type="stmt"/>
      <line num="23" count="1" type="stmt"/>
      <line num="24" count="0" type="stmt"/>
      <line num="25" count="0" type="stmt"/>
      <line num="26" count="0" type="stmt"/>
    </file>
  </project>
</coverage>
