{"C:\\Users\\User\\OneDrive\\Desktop\\mindcure_back\\src\\services\\redisService.ts": {"path":"C:\\Users\\User\\OneDrive\\Desktop\\mindcure_back\\src\\services\\redisService.ts","statementMap":{"0":{"start":{"line":5,"column":0},"end":{"line":5,"column":22}},"1":{"start":{"line":11,"column":0},"end":{"line":11,"column":22}},"2":{"start":{"line":17,"column":0},"end":{"line":17,"column":22}},"3":{"start":{"line":23,"column":0},"end":{"line":23,"column":22}},"4":{"start":{"line":1,"column":0},"end":{"line":1,"column":28}},"5":{"start":{"line":3,"column":14},"end":{"line":3,"column":74}},"6":{"start":{"line":6,"column":14},"end":{"line":6,"column":51}},"7":{"start":{"line":7,"column":18},"end":{"line":7,"column":78}},"8":{"start":{"line":8,"column":2},"end":{"line":8,"column":34}},"9":{"start":{"line":12,"column":14},"end":{"line":12,"column":55}},"10":{"start":{"line":13,"column":19},"end":{"line":13,"column":49}},"11":{"start":{"line":14,"column":2},"end":{"line":14,"column":56}},"12":{"start":{"line":14,"column":39},"end":{"line":14,"column":54}},"13":{"start":{"line":18,"column":14},"end":{"line":18,"column":36}},"14":{"start":{"line":19,"column":18},"end":{"line":19,"column":74}},"15":{"start":{"line":20,"column":2},"end":{"line":20,"column":34}},"16":{"start":{"line":24,"column":14},"end":{"line":24,"column":36}},"17":{"start":{"line":25,"column":19},"end":{"line":25,"column":49}},"18":{"start":{"line":26,"column":2},"end":{"line":26,"column":56}},"19":{"start":{"line":26,"column":39},"end":{"line":26,"column":54}}},"fnMap":{"0":{"name":"saveMessage","decl":{"start":{"line":5,"column":22},"end":{"line":5,"column":33}},"loc":{"start":{"line":5,"column":75},"end":{"line":9,"column":null}}},"1":{"name":"getMessagesForUser","decl":{"start":{"line":11,"column":22},"end":{"line":11,"column":40}},"loc":{"start":{"line":11,"column":69},"end":{"line":15,"column":null}}},"2":{"name":"(anonymous_12)","decl":{"start":{"line":14,"column":22},"end":{"line":14,"column":23}},"loc":{"start":{"line":14,"column":39},"end":{"line":14,"column":54}}},"3":{"name":"saveGroupMessage","decl":{"start":{"line":17,"column":22},"end":{"line":17,"column":38}},"loc":{"start":{"line":17,"column":85},"end":{"line":21,"column":null}}},"4":{"name":"getGroupMessages","decl":{"start":{"line":23,"column":22},"end":{"line":23,"column":38}},"loc":{"start":{"line":23,"column":54},"end":{"line":27,"column":null}}},"5":{"name":"(anonymous_17)","decl":{"start":{"line":26,"column":22},"end":{"line":26,"column":23}},"loc":{"start":{"line":26,"column":39},"end":{"line":26,"column":54}}}},"branchMap":{"0":{"loc":{"start":{"line":3,"column":24},"end":{"line":3,"column":73}},"type":"binary-expr","locations":[{"start":{"line":3,"column":24},"end":{"line":3,"column":45}},{"start":{"line":3,"column":49},"end":{"line":3,"column":73}}]}},"s":{"0":1,"1":1,"2":1,"3":1,"4":1,"5":1,"6":1,"7":1,"8":1,"9":0,"10":0,"11":0,"12":0,"13":1,"14":1,"15":1,"16":0,"17":0,"18":0,"19":0},"f":{"0":1,"1":0,"2":0,"3":1,"4":0,"5":0},"b":{"0":[1,1]}}
}
