TN:
SF:src\services\redisService.ts
FN:5,saveMessage
FN:11,getMessagesForUser
FN:14,(anonymous_12)
FN:17,saveGroupMessage
FN:23,getGroupMessages
FN:26,(anonymous_17)
FNF:6
FNH:2
FNDA:1,saveMessage
FNDA:0,getMessagesForUser
FNDA:0,(anonymous_12)
FNDA:1,saveGroupMessage
FNDA:0,getGroupMessages
FNDA:0,(anonymous_17)
DA:1,1
DA:3,1
DA:5,1
DA:6,1
DA:7,1
DA:8,1
DA:11,1
DA:12,0
DA:13,0
DA:14,0
DA:17,1
DA:18,1
DA:19,1
DA:20,1
DA:23,1
DA:24,0
DA:25,0
DA:26,0
LF:18
LH:12
BRDA:3,0,0,1
BRDA:3,0,1,1
BRF:2
BRH:2
end_of_record
